<?xml version="1.0" encoding="UTF-8"?>
<robot generator="Robot 4.1.3 (Python 3.9.6 on win32)" generated="20220321 15:42:53.216" rpa="false" schemaversion="2">
<suite id="s1" name="Tests" source="C:\Desafio Nbank\tests">
<suite id="s1-s1" name="Cenario 4" source="C:\Desafio Nbank\tests\cenario_4.robot">
<test id="s1-s1-t1" name="Makes Pix">
<kw name="Start session" library="base" type="SETUP">
<kw name="New Browser" library="Browser">
<arg>chromium</arg>
<arg>headless=False</arg>
<arg>slowMo=00:01</arg>
<tag>BrowserControl</tag>
<tag>Setter</tag>
<doc>Create a new playwright Browser with specified options.</doc>
<msg timestamp="20220321 15:42:54.519" level="INFO">{"browser": "chromium", "headless": false, "handleSIGINT": true, "handleSIGTERM": true, "handleSIGHUP": true, "timeout": 30000.0, "devtools": false, "slowMo": 1000.0, "tracesDir": "C:\\Desafio Nbank\\logs\\browser\\traces\\493f2c04-c50b-4844-9cf0-02cccdd344ce"}</msg>
<msg timestamp="20220321 15:42:54.905" level="INFO">Successfully created browser with options: {"browser":"chromium","headless":false,"handleSIGINT":true,"handleSIGTERM":true,"handleSIGHUP":true,"timeout":30000,"devtools":false,"slowMo":1000,"tracesDir":"C:\\Desafio Nbank\\logs\\browser\\traces\\493f2c04-c50b-4844-9cf0-02cccdd344ce"}</msg>
<status status="PASS" starttime="20220321 15:42:54.518" endtime="20220321 15:42:54.906"/>
</kw>
<kw name="New Page" library="Browser">
<arg>${BASE_URL}</arg>
<tag>BrowserControl</tag>
<tag>Setter</tag>
<doc>Open a new Page.</doc>
<msg timestamp="20220321 15:42:57.074" level="INFO">Successfully initialized new page object and opened url: https://nbank.vercel.app</msg>
<msg timestamp="20220321 15:42:57.074" level="INFO">No context was open. New context was automatically opened when this page is created.</msg>
<status status="PASS" starttime="20220321 15:42:54.906" endtime="20220321 15:42:57.074"/>
</kw>
<status status="PASS" starttime="20220321 15:42:54.518" endtime="20220321 15:42:57.074"/>
</kw>
<kw name="Click" library="Browser">
<arg>xpath=//strong[contains(text(), "Fazer PIX")]</arg>
<tag>PageContent</tag>
<tag>Setter</tag>
<doc>Simulates mouse click on the element found by ``selector``.</doc>
<status status="PASS" starttime="20220321 15:42:57.075" endtime="20220321 15:42:58.178"/>
</kw>
<kw name="Select Options By" library="Browser">
<arg>xpath=//span//select</arg>
<arg>value</arg>
<arg>Neon</arg>
<tag>PageContent</tag>
<tag>Setter</tag>
<doc>Selects options from select element found by ``selector``.</doc>
<status status="PASS" starttime="20220321 15:42:58.179" endtime="20220321 15:42:59.231"/>
</kw>
<kw name="Fill Text" library="Browser">
<arg>id=chave-pix</arg>
<arg>Minha Conta</arg>
<tag>PageContent</tag>
<tag>Setter</tag>
<doc>Clears and fills the given ``txt`` into the text field found by ``selector``.</doc>
<msg timestamp="20220321 15:42:59.232" level="INFO">Fills the text 'Minha Conta' in the given field.</msg>
<status status="PASS" starttime="20220321 15:42:59.232" endtime="20220321 15:43:00.263"/>
</kw>
<kw name="Fill Text" library="Browser">
<arg>id=valor</arg>
<arg>-1</arg>
<tag>PageContent</tag>
<tag>Setter</tag>
<doc>Clears and fills the given ``txt`` into the text field found by ``selector``.</doc>
<msg timestamp="20220321 15:43:00.264" level="INFO">Fills the text '-1' in the given field.</msg>
<status status="PASS" starttime="20220321 15:43:00.264" endtime="20220321 15:43:01.295"/>
</kw>
<kw name="Click" library="Browser">
<arg>css=.button &gt;&gt; text=Enviar PIX</arg>
<tag>PageContent</tag>
<tag>Setter</tag>
<doc>Simulates mouse click on the element found by ``selector``.</doc>
<status status="PASS" starttime="20220321 15:43:01.296" endtime="20220321 15:43:02.351"/>
</kw>
<kw name="Wait For Elements State" library="Browser">
<arg>css=.media-content &gt;&gt; text=Oops. Transferir ZERO é osso hein...</arg>
<tag>PageContent</tag>
<tag>Wait</tag>
<doc>Waits for the element found by ``selector`` to satisfy state option.</doc>
<msg timestamp="20220321 15:43:02.361" level="INFO">Waited for Element with selector css=.media-content &gt;&gt; text=Oops. Transferir ZERO é osso hein... at state visible</msg>
<status status="PASS" starttime="20220321 15:43:02.352" endtime="20220321 15:43:02.361"/>
</kw>
<kw name="End session" library="base" type="TEARDOWN">
<kw name="Take Screenshot" library="Browser">
<tag>PageContent</tag>
<doc>Takes a screenshot of the current window or element and saves it to disk.</doc>
<msg timestamp="20220321 15:43:02.485" level="INFO" html="true">&lt;/td&gt;&lt;/tr&gt;&lt;tr&gt;&lt;td colspan="3"&gt;&lt;a href="browser/screenshot/robotframework-browser-screenshot-1.png"&gt;&lt;img src="browser/screenshot/robotframework-browser-screenshot-1.png" width="800px"&gt;&lt;/a&gt;</msg>
<status status="PASS" starttime="20220321 15:43:02.362" endtime="20220321 15:43:02.485"/>
</kw>
<status status="PASS" starttime="20220321 15:43:02.362" endtime="20220321 15:43:02.486"/>
</kw>
<tag>ex_4</tag>
<status status="PASS" starttime="20220321 15:42:54.516" endtime="20220321 15:43:02.486"/>
</test>
<doc>Suite de testes para verificar que o nbank está online e com saldo de 1000R$</doc>
<status status="PASS" starttime="20220321 15:42:53.247" endtime="20220321 15:43:02.609"/>
</suite>
<status status="PASS" starttime="20220321 15:42:53.218" endtime="20220321 15:43:02.634"/>
</suite>
<statistics>
<total>
<stat pass="1" fail="0" skip="0">All Tests</stat>
</total>
<tag>
<stat pass="1" fail="0" skip="0">ex_4</stat>
</tag>
<suite>
<stat pass="1" fail="0" skip="0" id="s1" name="Tests">Tests</stat>
<stat pass="1" fail="0" skip="0" id="s1-s1" name="Cenario 4">Tests.Cenario 4</stat>
</suite>
</statistics>
<errors>
</errors>
</robot>
